\BOOKMARK [1][-]{section.1}{\376\377\000A\000b\000s\000t\000r\000a\000c\000t}{}% 1
\BOOKMARK [1][-]{section.2}{\376\377\000P\000r\000e\000r\000e\000q\000u\000i\000s\000i\000t\000e\000s}{}% 2
\BOOKMARK [2][-]{subsection.2.1}{\376\377\000D\000a\000t\000a\000\040\000G\000e\000n\000e\000r\000a\000t\000i\000o\000n}{section.2}% 3
\BOOKMARK [2][-]{subsection.2.2}{\376\377\000D\000a\000t\000a\000\040\000V\000e\000r\000i\000f\000i\000c\000a\000t\000i\000o\000n}{section.2}% 4
\BOOKMARK [2][-]{subsection.2.3}{\376\377\000E\000x\000e\000c\000u\000t\000i\000o\000n\000\040\000C\000o\000m\000m\000a\000n\000d\000s}{section.2}% 5
\BOOKMARK [3][-]{subsubsection.2.3.1}{\376\377\000D\000a\000t\000a\000\040\000G\000e\000n\000e\000r\000a\000t\000i\000o\000n\000\040}{subsection.2.3}% 6
\BOOKMARK [3][-]{subsubsection.2.3.2}{\376\377\000D\000a\000t\000a\000\040\000V\000e\000r\000i\000f\000i\000c\000a\000t\000i\000o\000n}{subsection.2.3}% 7
\BOOKMARK [3][-]{subsubsection.2.3.3}{\376\377\000O\000p\000e\000n\000M\000P}{subsection.2.3}% 8
\BOOKMARK [3][-]{subsubsection.2.3.4}{\376\377\000T\000h\000e\000\040\000M\000a\000p\000p\000i\000n\000g\000\040\000S\000t\000r\000i\000n\000g}{subsection.2.3}% 9
\BOOKMARK [3][-]{subsubsection.2.3.5}{\376\377\000S\000e\000q\000u\000e\000n\000t\000i\000a\000l}{subsection.2.3}% 10
\BOOKMARK [3][-]{subsubsection.2.3.6}{\376\377\000F\000a\000s\000t\000F\000l\000o\000w}{subsection.2.3}% 11
\BOOKMARK [3][-]{subsubsection.2.3.7}{\376\377\000M\000P\000I\000+\000F\000a\000s\000t\000F\000l\000o\000w}{subsection.2.3}% 12
\BOOKMARK [3][-]{subsubsection.2.3.8}{\376\377\000S\000i\000m\000u\000l\000a\000t\000i\000o\000n\000\040\000S\000c\000r\000i\000p\000t\000s}{subsection.2.3}% 13
\BOOKMARK [1][-]{section.3}{\376\377\000I\000m\000p\000l\000e\000m\000e\000n\000t\000a\000t\000i\000o\000n}{}% 14
\BOOKMARK [2][-]{subsection.3.1}{\376\377\000S\000e\000q\000u\000e\000n\000t\000i\000a\000l\000\040\000V\000e\000r\000s\000i\000o\000n}{section.3}% 15
\BOOKMARK [2][-]{subsection.3.2}{\376\377\000T\000u\000n\000a\000b\000l\000e\000\040\000C\000o\000n\000s\000t\000a\000n\000t\000s}{section.3}% 16
\BOOKMARK [3][-]{subsubsection.3.2.1}{\376\377\000D\000E\000G\000R\000E\000E}{subsection.3.2}% 17
\BOOKMARK [3][-]{subsubsection.3.2.2}{\376\377\000D\000I\000S\000T\000R\000I\000B\000U\000T\000I\000O\000N\000\137\000C\000A\000P}{subsection.3.2}% 18
\BOOKMARK [3][-]{subsubsection.3.2.3}{\376\377\000M\000E\000M\000O\000R\000Y\000\137\000C\000A\000P}{subsection.3.2}% 19
\BOOKMARK [2][-]{subsection.3.3}{\376\377\000A\000l\000g\000o\000r\000i\000t\000h\000m\000s}{section.3}% 20
\BOOKMARK [3][-]{subsubsection.3.3.1}{\376\377\000T\000h\000e\000\040\000E\000m\000i\000t\000t\000e\000r}{subsection.3.3}% 21
\BOOKMARK [3][-]{subsubsection.3.3.2}{\376\377\000T\000h\000e\000\040\000W\000o\000r\000k\000e\000r}{subsection.3.3}% 22
\BOOKMARK [3][-]{subsubsection.3.3.3}{\376\377\000T\000h\000e\000\040\000C\000o\000l\000l\000e\000c\000t\000o\000r}{subsection.3.3}% 23
\BOOKMARK [2][-]{subsection.3.4}{\376\377\000F\000a\000s\000t\000F\000l\000o\000w}{section.3}% 24
\BOOKMARK [2][-]{subsection.3.5}{\376\377\000O\000p\000e\000n\000M\000P}{section.3}% 25
\BOOKMARK [2][-]{subsection.3.6}{\376\377\000M\000P\000I\000+\000F\000a\000s\000t\000F\000l\000o\000w}{section.3}% 26
\BOOKMARK [1][-]{section.4}{\376\377\000P\000e\000r\000f\000o\000r\000m\000a\000n\000c\000e\000\040\000E\000v\000a\000l\000u\000a\000t\000i\000o\000n}{}% 27
\BOOKMARK [2][-]{subsection.4.1}{\376\377\000T\000h\000e\000\040\000A\000n\000a\000l\000y\000s\000i\000s}{section.4}% 28
\BOOKMARK [3][-]{subsubsection.4.1.1}{\376\377\000V\000a\000r\000i\000e\000d\000\040\000N\000,\000\040\000P\000\040\000a\000n\000d\000\040\000W}{subsection.4.1}% 29
\BOOKMARK [3][-]{subsubsection.4.1.2}{\376\377\000S\000p\000e\000e\000d\000u\000p\000\040\000a\000n\000d\000\040\000E\000f\000f\000i\000c\000i\000e\000n\000c\000y}{subsection.4.1}% 30
\BOOKMARK [3][-]{subsubsection.4.1.3}{\376\377\000S\000t\000r\000o\000n\000g\000\040\000v\000s\000\040\000W\000e\000a\000k\000\040\000S\000c\000a\000l\000a\000b\000i\000l\000i\000t\000y}{subsection.4.1}% 31
\BOOKMARK [1][-]{section.5}{\376\377\000F\000i\000n\000a\000l\000\040\000A\000n\000a\000l\000y\000s\000i\000s}{}% 32
\BOOKMARK [2][-]{subsection.5.1}{\376\377\000C\000o\000s\000t\000\040\000M\000o\000d\000e\000l}{section.5}% 33
\BOOKMARK [2][-]{subsection.5.2}{\376\377\000T\000h\000e\000\040\000B\000o\000t\000t\000l\000e\000n\000e\000c\000k\000\040\000P\000h\000a\000s\000e}{section.5}% 34
\BOOKMARK [2][-]{subsection.5.3}{\376\377\000P\000r\000o\000b\000l\000e\000m\000s\000\040\000\046\000\040\000A\000d\000o\000p\000t\000e\000d\000\040\000S\000o\000l\000u\000t\000i\000o\000n\000s}{section.5}% 35
\BOOKMARK [3][-]{subsubsection.5.3.1}{\376\377\000D\000a\000t\000a\000\040\000S\000t\000r\000u\000c\000t\000u\000r\000e}{subsection.5.3}% 36
\BOOKMARK [3][-]{subsubsection.5.3.2}{\376\377\000O\000p\000e\000n\000M\000P}{subsection.5.3}% 37
\BOOKMARK [3][-]{subsubsection.5.3.3}{\376\377\000F\000a\000s\000t\000F\000l\000o\000w}{subsection.5.3}% 38
\BOOKMARK [1][-]{section.6}{\376\377\000C\000o\000n\000c\000l\000u\000s\000i\000o\000n}{}% 39
